producer_class	xtools.gsea.Gsea
producer_timestamp	1620536544703
param	zip_report	false
param	num	100
param	scoring_scheme	weighted
param	norm	meandiv
param	out	C:\Users\Alos Diallo\gsea_home\output\may09
param	mode	Max_probe
param	include_only_symbols	true
param	set_max	500
param	gmx	F:\Research\Sage\tfr_treg.gmt
param	plot_top_x	20
param	nperm	1000
param	order	descending
param	rpt_label	my_analysis
param	rnd_seed	timestamp
param	set_min	15
param	res	F:\Research\Sage\BL_TFRvsTREG.gct
param	chip	ftp.broadinstitute.org://pub/gsea/annotations_versioned/Mouse_Gene_Symbol_Remapping_Human_Orthologs_MSigDB.v7.4.chip
param	create_svgs	false
param	cls	F:\Research\Sage\tfr_vs_treg_cls.cls#TFR_versus_TREG
param	sort	real
param	create_gcts	false
param	help	false
param	save_rnd_lists	false
param	median	false
param	metric	Signal2Noise
param	make_sets	true
param	rnd_type	no_balance
param	gui	false
param	permute	phenotype
param	collapse	No_Collapse

file	C:\Users\Alos Diallo\gsea_home\output\may09\my_analysis.Gsea.1620536544703\index.html
